TN:
SF:create_memo/index.mjs
FN:14,handler
FNF:1
FNH:1
FNDA:7,handler
DA:1,1
DA:2,1
DA:3,1
DA:9,1
DA:10,1
DA:11,1
DA:12,1
DA:13,1
DA:14,1
DA:15,7
DA:16,7
DA:18,7
DA:19,7
DA:20,7
DA:21,7
DA:23,7
DA:24,7
DA:25,2
DA:26,2
DA:27,2
DA:28,2
DA:29,2
DA:30,2
DA:31,2
DA:32,2
DA:33,7
DA:34,1
DA:35,1
DA:36,1
DA:37,1
DA:38,1
DA:39,1
DA:41,2
DA:42,2
DA:43,2
DA:44,2
DA:45,2
DA:46,2
DA:47,2
DA:48,2
DA:49,2
DA:50,2
DA:51,2
DA:52,2
DA:53,2
DA:54,2
DA:55,2
DA:56,2
DA:57,1
DA:59,1
DA:60,1
DA:61,1
DA:62,1
DA:63,1
DA:64,1
DA:65,1
DA:66,1
DA:67,1
DA:68,7
DA:69,3
DA:70,1
DA:71,1
DA:72,1
DA:73,1
DA:74,1
DA:75,1
DA:76,1
DA:77,3
DA:78,1
DA:79,1
DA:80,1
DA:81,1
DA:82,1
DA:83,1
DA:84,1
DA:85,1
DA:86,1
DA:87,1
DA:88,1
DA:89,1
DA:90,1
DA:91,1
DA:92,7
LF:83
LH:83
BRDA:14,0,0,7
BRDA:19,1,0,0
BRDA:20,2,0,1
BRDA:21,3,0,0
BRDA:24,4,0,4
BRDA:24,5,0,4
BRDA:24,6,0,2
BRDA:32,7,0,3
BRDA:33,8,0,1
BRDA:39,9,0,2
BRDA:56,10,0,1
BRDA:68,11,0,3
BRDA:69,12,0,1
BRDA:76,13,0,2
BRDA:77,14,0,1
BRF:15
BRH:13
end_of_record
TN:
SF:delete_memo/index.mjs
FN:13,handler
FNF:1
FNH:1
FNDA:5,handler
DA:1,1
DA:2,1
DA:3,1
DA:8,1
DA:9,1
DA:10,1
DA:11,1
DA:12,1
DA:13,1
DA:14,5
DA:15,5
DA:17,5
DA:18,5
DA:19,5
DA:20,1
DA:21,1
DA:22,1
DA:23,1
DA:24,1
DA:25,1
DA:27,3
DA:28,3
DA:29,3
DA:30,3
DA:31,3
DA:32,3
DA:33,3
DA:34,3
DA:35,3
DA:36,3
DA:37,3
DA:38,5
DA:39,1
DA:40,1
DA:41,1
DA:42,1
DA:43,1
DA:44,1
DA:45,1
DA:47,1
DA:48,1
DA:49,1
DA:50,1
DA:51,1
DA:52,1
DA:53,1
DA:54,1
DA:55,1
DA:56,1
DA:58,1
DA:60,1
DA:61,1
DA:62,1
DA:63,1
DA:64,1
DA:65,5
DA:66,2
DA:67,1
DA:68,1
DA:69,1
DA:70,1
DA:71,1
DA:72,1
DA:73,1
DA:74,1
DA:75,1
DA:76,1
DA:77,1
DA:78,1
DA:79,1
DA:80,1
DA:81,5
LF:72
LH:72
BRDA:13,0,0,5
BRDA:18,1,0,4
BRDA:19,2,0,1
BRDA:25,3,0,3
BRDA:37,4,0,2
BRDA:38,5,0,1
BRDA:65,6,0,2
BRDA:66,7,0,1
BRF:8
BRH:8
end_of_record
TN:
SF:get_memo/index.mjs
FN:13,handler
FNF:1
FNH:1
FNDA:5,handler
DA:1,1
DA:2,1
DA:3,1
DA:8,1
DA:9,1
DA:10,1
DA:11,1
DA:12,1
DA:13,1
DA:14,5
DA:15,5
DA:17,5
DA:18,5
DA:19,5
DA:20,1
DA:21,1
DA:22,1
DA:23,1
DA:24,1
DA:25,1
DA:27,3
DA:28,3
DA:29,3
DA:30,3
DA:31,3
DA:32,3
DA:33,3
DA:34,3
DA:35,3
DA:36,3
DA:37,3
DA:38,5
DA:39,1
DA:40,1
DA:41,1
DA:42,1
DA:43,1
DA:44,1
DA:45,1
DA:47,1
DA:48,1
DA:49,5
DA:50,5
DA:51,5
DA:52,5
DA:54,5
DA:56,5
DA:57,5
DA:58,5
DA:59,5
DA:60,5
DA:61,5
DA:62,2
DA:63,1
DA:64,1
DA:65,1
DA:66,1
DA:67,1
DA:68,1
DA:69,1
DA:70,1
DA:71,1
DA:72,1
DA:73,1
DA:74,1
DA:75,1
DA:76,1
DA:77,5
LF:68
LH:68
BRDA:13,0,0,5
BRDA:18,1,0,4
BRDA:19,2,0,1
BRDA:25,3,0,3
BRDA:37,4,0,2
BRDA:38,5,0,1
BRDA:49,6,0,0
BRDA:50,7,0,1
BRDA:50,8,0,0
BRDA:51,9,0,1
BRDA:51,10,0,0
BRDA:61,11,0,2
BRDA:62,12,0,1
BRF:13
BRH:10
end_of_record
TN:
SF:layer/nodejs/utils.mjs
FN:11,AuthenticationError
FN:21,getDynamoDBClient
FN:46,getUserId
FNF:3
FNH:3
FNDA:3,AuthenticationError
FNDA:2,getDynamoDBClient
FNDA:4,getUserId
DA:1,1
DA:2,1
DA:3,1
DA:7,1
DA:8,1
DA:9,1
DA:10,1
DA:11,1
DA:12,3
DA:13,3
DA:14,3
DA:15,1
DA:17,1
DA:18,1
DA:19,1
DA:20,1
DA:21,1
DA:22,2
DA:24,2
DA:25,1
DA:26,1
DA:27,1
DA:28,1
DA:29,1
DA:30,1
DA:31,1
DA:32,1
DA:33,1
DA:34,1
DA:36,1
DA:37,1
DA:38,1
DA:40,1
DA:41,1
DA:42,1
DA:43,1
DA:44,1
DA:45,1
DA:46,1
DA:47,4
DA:48,4
DA:49,1
DA:50,1
DA:52,4
DA:53,4
DA:54,2
DA:55,2
DA:56,1
DA:57,1
LF:49
LH:49
BRDA:11,0,0,3
BRDA:21,1,0,2
BRDA:24,2,0,1
BRDA:46,3,0,4
BRDA:48,4,0,1
BRDA:50,5,0,3
BRDA:53,6,0,2
BRDA:55,7,0,1
BRF:8
BRH:8
end_of_record
TN:
SF:list_memos/index.mjs
FN:13,handler
FNF:1
FNH:1
FNDA:4,handler
DA:1,1
DA:2,1
DA:3,1
DA:8,1
DA:9,1
DA:10,1
DA:11,1
DA:12,1
DA:13,1
DA:14,4
DA:15,4
DA:17,4
DA:18,4
DA:19,4
DA:20,4
DA:21,4
DA:22,4
DA:23,4
DA:24,4
DA:25,4
DA:26,4
DA:27,4
DA:28,4
DA:30,2
DA:31,4
DA:32,2
DA:33,2
DA:34,2
DA:35,2
DA:36,2
DA:37,2
DA:38,2
DA:39,4
DA:41,4
DA:42,4
DA:43,1
DA:44,0
DA:45,0
DA:46,4
DA:48,4
DA:50,4
DA:51,4
DA:52,4
DA:53,4
DA:54,4
DA:55,4
DA:56,2
DA:57,1
DA:58,1
DA:59,1
DA:60,1
DA:61,1
DA:62,1
DA:63,1
DA:64,1
DA:65,1
DA:66,1
DA:67,1
DA:68,1
DA:69,1
DA:70,1
DA:71,4
LF:62
LH:60
BRDA:13,0,0,4
BRDA:28,1,0,2
BRDA:31,2,0,0
BRDA:55,3,0,2
BRDA:56,4,0,1
BRDA:31,5,0,2
BRDA:33,6,0,1
BRDA:33,7,0,1
BRDA:33,8,0,0
BRDA:35,9,0,0
BRDA:36,10,0,0
BRDA:42,11,0,1
BRDA:43,12,0,0
BRF:13
BRH:8
end_of_record
TN:
SF:update_memo/index.mjs
FN:13,handler
FNF:1
FNH:1
FNDA:9,handler
DA:1,1
DA:2,1
DA:3,1
DA:8,1
DA:9,1
DA:10,1
DA:11,1
DA:12,1
DA:13,1
DA:14,9
DA:15,9
DA:17,9
DA:18,9
DA:19,9
DA:20,9
DA:22,9
DA:23,9
DA:24,2
DA:25,2
DA:26,2
DA:27,2
DA:28,2
DA:29,2
DA:30,2
DA:31,2
DA:32,9
DA:33,1
DA:34,1
DA:35,1
DA:36,1
DA:37,1
DA:38,1
DA:40,4
DA:41,9
DA:42,9
DA:43,1
DA:44,1
DA:45,1
DA:46,1
DA:47,1
DA:48,1
DA:50,3
DA:51,3
DA:52,3
DA:53,3
DA:54,3
DA:55,3
DA:56,3
DA:57,3
DA:58,3
DA:59,3
DA:60,3
DA:61,9
DA:62,1
DA:63,1
DA:64,1
DA:65,1
DA:66,1
DA:67,1
DA:68,1
DA:70,1
DA:71,1
DA:72,1
DA:73,1
DA:74,1
DA:75,1
DA:76,1
DA:77,1
DA:78,1
DA:79,1
DA:80,1
DA:81,1
DA:82,1
DA:83,1
DA:84,1
DA:85,1
DA:86,1
DA:88,1
DA:90,1
DA:91,1
DA:92,1
DA:93,1
DA:94,1
DA:95,1
DA:96,1
DA:97,1
DA:98,1
DA:99,1
DA:100,9
DA:101,3
DA:102,1
DA:103,1
DA:104,1
DA:105,1
DA:106,1
DA:107,1
DA:108,1
DA:109,3
DA:110,1
DA:111,1
DA:112,1
DA:113,1
DA:114,1
DA:115,1
DA:116,1
DA:117,1
DA:118,1
DA:119,1
DA:120,1
DA:121,1
DA:122,1
DA:123,1
DA:124,9
LF:113
LH:113
BRDA:13,0,0,9
BRDA:18,1,0,0
BRDA:19,2,0,1
BRDA:20,3,0,0
BRDA:23,4,0,6
BRDA:23,5,0,6
BRDA:23,6,0,2
BRDA:31,7,0,5
BRDA:32,8,0,1
BRDA:38,9,0,4
BRDA:42,10,0,1
BRDA:48,11,0,3
BRDA:60,12,0,2
BRDA:61,13,0,1
BRDA:100,14,0,3
BRDA:101,15,0,1
BRDA:108,16,0,2
BRDA:109,17,0,1
BRF:18
BRH:16
end_of_record
