TN:
SF:create_memo/index.js
FN:23,handler
FNF:1
FNH:1
FNDA:7,handler
DA:10,1
DA:11,1
DA:13,1
DA:15,1
DA:24,7
DA:25,7
DA:28,6
DA:29,5
DA:30,5
DA:33,5
DA:34,2
DA:40,3
DA:41,1
DA:49,2
DA:50,2
DA:51,2
DA:53,2
DA:64,1
DA:66,1
DA:73,3
DA:74,1
DA:75,1
DA:82,2
DA:83,1
DA:84,1
DA:91,1
DA:92,1
LF:27
LH:27
BRDA:28,0,0,6
BRDA:28,0,1,0
BRDA:29,1,0,5
BRDA:29,1,1,1
BRDA:30,2,0,5
BRDA:30,2,1,0
BRDA:33,3,0,2
BRDA:33,3,1,3
BRDA:33,4,0,5
BRDA:33,4,1,4
BRDA:33,4,2,4
BRDA:40,5,0,1
BRDA:40,5,1,2
BRDA:73,6,0,1
BRDA:73,6,1,2
BRDA:82,7,0,1
BRDA:82,7,1,1
BRF:17
BRH:15
end_of_record
TN:
SF:delete_memo/index.js
FN:22,handler
FNF:1
FNH:1
FNDA:5,handler
DA:9,1
DA:10,1
DA:12,1
DA:14,1
DA:23,5
DA:24,5
DA:27,4
DA:28,4
DA:29,1
DA:37,3
DA:38,3
DA:46,2
DA:47,1
DA:48,1
DA:56,1
DA:64,1
DA:66,1
DA:73,2
DA:74,1
DA:75,1
DA:82,1
DA:83,1
LF:22
LH:22
BRDA:28,0,0,1
BRDA:28,0,1,3
BRDA:46,1,0,1
BRDA:46,1,1,1
BRDA:73,2,0,1
BRDA:73,2,1,1
BRF:6
BRH:6
end_of_record
TN:
SF:get_memo/index.js
FN:22,handler
FNF:1
FNH:1
FNDA:5,handler
DA:9,1
DA:10,1
DA:12,1
DA:14,1
DA:23,5
DA:24,5
DA:27,4
DA:28,4
DA:29,1
DA:37,3
DA:38,3
DA:46,2
DA:47,1
DA:48,1
DA:56,1
DA:62,1
DA:64,1
DA:71,2
DA:72,1
DA:73,1
DA:80,1
DA:81,1
LF:22
LH:22
BRDA:28,0,0,1
BRDA:28,0,1,3
BRDA:46,1,0,1
BRDA:46,1,1,1
BRDA:57,2,0,1
BRDA:57,2,1,0
BRDA:58,3,0,1
BRDA:58,3,1,0
BRDA:59,4,0,1
BRDA:59,4,1,0
BRDA:71,5,0,1
BRDA:71,5,1,1
BRF:12
BRH:9
end_of_record
TN:
SF:layer/nodejs/utils.js
FN:11,getDynamoDBClient
FN:36,getUserId
FN:54,(anonymous_2)
FNF:3
FNH:3
FNDA:2,getDynamoDBClient
FNDA:4,getUserId
FNDA:2,(anonymous_2)
DA:12,2
DA:14,2
DA:16,1
DA:27,1
DA:38,4
DA:39,4
DA:40,1
DA:43,3
DA:44,3
DA:45,2
DA:47,1
DA:55,2
DA:56,2
LF:13
LH:13
BRDA:14,0,0,1
BRDA:14,0,1,1
BRDA:39,1,0,1
BRDA:39,1,1,3
BRDA:44,2,0,2
BRDA:44,2,1,1
BRF:6
BRH:6
end_of_record
TN:
SF:list_memos/index.js
FN:22,handler
FN:38,(anonymous_1)
FN:49,(anonymous_2)
FNF:3
FNH:3
FNDA:4,handler
FNDA:2,(anonymous_1)
FNDA:1,(anonymous_2)
DA:9,1
DA:10,1
DA:12,1
DA:14,1
DA:23,4
DA:24,4
DA:27,3
DA:28,3
DA:38,2
DA:40,2
DA:41,2
DA:49,2
DA:50,1
DA:51,1
DA:52,1
DA:55,2
DA:57,2
DA:64,2
DA:65,1
DA:66,1
DA:73,1
DA:74,1
LF:22
LH:22
BRDA:38,0,0,2
BRDA:38,0,1,0
BRDA:40,1,0,2
BRDA:40,1,1,1
BRDA:40,1,2,0
BRDA:42,2,0,2
BRDA:42,2,1,0
BRDA:43,3,0,2
BRDA:43,3,1,0
BRDA:50,4,0,1
BRDA:50,4,1,0
BRDA:51,5,0,1
BRDA:51,5,1,0
BRDA:64,6,0,1
BRDA:64,6,1,1
BRF:15
BRH:9
end_of_record
TN:
SF:update_memo/index.js
FN:22,handler
FNF:1
FNH:1
FNDA:9,handler
DA:9,1
DA:10,1
DA:12,1
DA:14,1
DA:23,9
DA:24,9
DA:27,8
DA:28,7
DA:29,7
DA:32,7
DA:33,2
DA:39,5
DA:40,1
DA:48,4
DA:49,4
DA:50,1
DA:58,3
DA:59,3
DA:67,2
DA:68,1
DA:69,1
DA:77,1
DA:78,1
DA:92,1
DA:94,1
DA:106,3
DA:107,1
DA:108,1
DA:115,2
DA:116,1
DA:117,1
DA:124,1
DA:125,1
LF:33
LH:33
BRDA:27,0,0,8
BRDA:27,0,1,0
BRDA:28,1,0,7
BRDA:28,1,1,1
BRDA:29,2,0,7
BRDA:29,2,1,0
BRDA:32,3,0,2
BRDA:32,3,1,5
BRDA:32,4,0,7
BRDA:32,4,1,6
BRDA:32,4,2,6
BRDA:39,5,0,1
BRDA:39,5,1,4
BRDA:49,6,0,1
BRDA:49,6,1,3
BRDA:67,7,0,1
BRDA:67,7,1,1
BRDA:106,8,0,1
BRDA:106,8,1,2
BRDA:115,9,0,1
BRDA:115,9,1,1
BRF:21
BRH:19
end_of_record
