{"/workspace/lambdas/create_memo/index.js": {"path":"/workspace/lambdas/create_memo/index.js","statementMap":{"0":{"start":{"line":5,"column":27},"end":{"line":5,"column":62}},"1":{"start":{"line":6,"column":23},"end":{"line":6,"column":40}},"2":{"start":{"line":7,"column":62},"end":{"line":7,"column":90}},"3":{"start":{"line":16,"column":0},"end":{"line":96,"column":2}},"4":{"start":{"line":17,"column":2},"end":{"line":95,"column":3}},"5":{"start":{"line":18,"column":19},"end":{"line":18,"column":35}},"6":{"start":{"line":22,"column":4},"end":{"line":31,"column":5}},"7":{"start":{"line":23,"column":6},"end":{"line":23,"column":44}},"8":{"start":{"line":25,"column":6},"end":{"line":25,"column":48}},"9":{"start":{"line":26,"column":6},"end":{"line":30,"column":8}},"10":{"start":{"line":33,"column":18},"end":{"line":33,"column":43}},"11":{"start":{"line":34,"column":20},"end":{"line":34,"column":38}},"12":{"start":{"line":37,"column":4},"end":{"line":43,"column":5}},"13":{"start":{"line":38,"column":6},"end":{"line":42,"column":8}},"14":{"start":{"line":44,"column":4},"end":{"line":50,"column":5}},"15":{"start":{"line":45,"column":6},"end":{"line":49,"column":8}},"16":{"start":{"line":53,"column":19},"end":{"line":53,"column":31}},"17":{"start":{"line":54,"column":21},"end":{"line":54,"column":45}},"18":{"start":{"line":55,"column":21},"end":{"line":55,"column":40}},"19":{"start":{"line":57,"column":4},"end":{"line":66,"column":8}},"20":{"start":{"line":68,"column":4},"end":{"line":68,"column":70}},"21":{"start":{"line":70,"column":4},"end":{"line":78,"column":6}},"22":{"start":{"line":80,"column":4},"end":{"line":87,"column":5}},"23":{"start":{"line":81,"column":6},"end":{"line":81,"column":52}},"24":{"start":{"line":82,"column":6},"end":{"line":86,"column":8}},"25":{"start":{"line":89,"column":4},"end":{"line":89,"column":46}},"26":{"start":{"line":90,"column":4},"end":{"line":94,"column":6}}},"fnMap":{"0":{"name":"(anonymous_0)","decl":{"start":{"line":16,"column":18},"end":{"line":16,"column":19}},"loc":{"start":{"line":16,"column":44},"end":{"line":96,"column":1}},"line":16}},"branchMap":{"0":{"loc":{"start":{"line":23,"column":24},"end":{"line":23,"column":42}},"type":"binary-expr","locations":[{"start":{"line":23,"column":24},"end":{"line":23,"column":34}},{"start":{"line":23,"column":38},"end":{"line":23,"column":42}}],"line":23},"1":{"loc":{"start":{"line":33,"column":19},"end":{"line":33,"column":35}},"type":"binary-expr","locations":[{"start":{"line":33,"column":19},"end":{"line":33,"column":29}},{"start":{"line":33,"column":33},"end":{"line":33,"column":35}}],"line":33},"2":{"loc":{"start":{"line":34,"column":20},"end":{"line":34,"column":38}},"type":"binary-expr","locations":[{"start":{"line":34,"column":20},"end":{"line":34,"column":32}},{"start":{"line":34,"column":36},"end":{"line":34,"column":38}}],"line":34},"3":{"loc":{"start":{"line":37,"column":4},"end":{"line":43,"column":5}},"type":"if","locations":[{"start":{"line":37,"column":4},"end":{"line":43,"column":5}},{"start":{},"end":{}}],"line":37},"4":{"loc":{"start":{"line":37,"column":8},"end":{"line":37,"column":56}},"type":"binary-expr","locations":[{"start":{"line":37,"column":8},"end":{"line":37,"column":14}},{"start":{"line":37,"column":18},"end":{"line":37,"column":34}},{"start":{"line":37,"column":38},"end":{"line":37,"column":56}}],"line":37},"5":{"loc":{"start":{"line":44,"column":4},"end":{"line":50,"column":5}},"type":"if","locations":[{"start":{"line":44,"column":4},"end":{"line":50,"column":5}},{"start":{},"end":{}}],"line":44},"6":{"loc":{"start":{"line":80,"column":4},"end":{"line":87,"column":5}},"type":"if","locations":[{"start":{"line":80,"column":4},"end":{"line":87,"column":5}},{"start":{},"end":{}}],"line":80}},"s":{"0":1,"1":1,"2":1,"3":1,"4":7,"5":7,"6":6,"7":6,"8":1,"9":1,"10":5,"11":5,"12":5,"13":2,"14":3,"15":1,"16":2,"17":2,"18":2,"19":2,"20":1,"21":1,"22":2,"23":1,"24":1,"25":1,"26":1},"f":{"0":7},"b":{"0":[6,0],"1":[5,1],"2":[5,0],"3":[2,3],"4":[5,4,4],"5":[1,2],"6":[1,1]},"_coverageSchema":"1a1c01bbd47fc00a2c39e90264f33305004495a9","hash":"15fd9307aefa3e931c0d04af169ab3f19d8cb64b"}
,"/workspace/lambdas/delete_memo/index.js": {"path":"/workspace/lambdas/delete_memo/index.js","statementMap":{"0":{"start":{"line":5,"column":46},"end":{"line":5,"column":81}},"1":{"start":{"line":6,"column":62},"end":{"line":6,"column":90}},"2":{"start":{"line":15,"column":0},"end":{"line":81,"column":2}},"3":{"start":{"line":16,"column":2},"end":{"line":80,"column":3}},"4":{"start":{"line":17,"column":19},"end":{"line":17,"column":35}},"5":{"start":{"line":20,"column":19},"end":{"line":20,"column":47}},"6":{"start":{"line":21,"column":4},"end":{"line":27,"column":5}},"7":{"start":{"line":22,"column":6},"end":{"line":26,"column":8}},"8":{"start":{"line":30,"column":21},"end":{"line":30,"column":40}},"9":{"start":{"line":31,"column":24},"end":{"line":37,"column":7}},"10":{"start":{"line":39,"column":4},"end":{"line":46,"column":5}},"11":{"start":{"line":40,"column":6},"end":{"line":40,"column":74}},"12":{"start":{"line":41,"column":6},"end":{"line":45,"column":8}},"13":{"start":{"line":49,"column":4},"end":{"line":55,"column":8}},"14":{"start":{"line":57,"column":4},"end":{"line":57,"column":70}},"15":{"start":{"line":59,"column":4},"end":{"line":63,"column":6}},"16":{"start":{"line":65,"column":4},"end":{"line":72,"column":5}},"17":{"start":{"line":66,"column":6},"end":{"line":66,"column":52}},"18":{"start":{"line":67,"column":6},"end":{"line":71,"column":8}},"19":{"start":{"line":74,"column":4},"end":{"line":74,"column":46}},"20":{"start":{"line":75,"column":4},"end":{"line":79,"column":6}}},"fnMap":{"0":{"name":"(anonymous_0)","decl":{"start":{"line":15,"column":18},"end":{"line":15,"column":19}},"loc":{"start":{"line":15,"column":44},"end":{"line":81,"column":1}},"line":15}},"branchMap":{"0":{"loc":{"start":{"line":21,"column":4},"end":{"line":27,"column":5}},"type":"if","locations":[{"start":{"line":21,"column":4},"end":{"line":27,"column":5}},{"start":{},"end":{}}],"line":21},"1":{"loc":{"start":{"line":39,"column":4},"end":{"line":46,"column":5}},"type":"if","locations":[{"start":{"line":39,"column":4},"end":{"line":46,"column":5}},{"start":{},"end":{}}],"line":39},"2":{"loc":{"start":{"line":65,"column":4},"end":{"line":72,"column":5}},"type":"if","locations":[{"start":{"line":65,"column":4},"end":{"line":72,"column":5}},{"start":{},"end":{}}],"line":65}},"s":{"0":1,"1":1,"2":1,"3":5,"4":5,"5":4,"6":4,"7":1,"8":3,"9":3,"10":2,"11":1,"12":1,"13":1,"14":1,"15":1,"16":2,"17":1,"18":1,"19":1,"20":1},"f":{"0":5},"b":{"0":[1,3],"1":[1,1],"2":[1,1]},"_coverageSchema":"1a1c01bbd47fc00a2c39e90264f33305004495a9","hash":"9d9b0bd5dd2e6bd7b4973581b48205886eef0783"}
,"/workspace/lambdas/get_memo/index.js": {"path":"/workspace/lambdas/get_memo/index.js","statementMap":{"0":{"start":{"line":5,"column":27},"end":{"line":5,"column":62}},"1":{"start":{"line":6,"column":62},"end":{"line":6,"column":90}},"2":{"start":{"line":15,"column":0},"end":{"line":79,"column":2}},"3":{"start":{"line":16,"column":2},"end":{"line":78,"column":3}},"4":{"start":{"line":17,"column":19},"end":{"line":17,"column":35}},"5":{"start":{"line":20,"column":19},"end":{"line":20,"column":47}},"6":{"start":{"line":21,"column":4},"end":{"line":27,"column":5}},"7":{"start":{"line":22,"column":6},"end":{"line":26,"column":8}},"8":{"start":{"line":30,"column":21},"end":{"line":30,"column":40}},"9":{"start":{"line":31,"column":21},"end":{"line":37,"column":7}},"10":{"start":{"line":39,"column":4},"end":{"line":46,"column":5}},"11":{"start":{"line":40,"column":6},"end":{"line":40,"column":74}},"12":{"start":{"line":41,"column":6},"end":{"line":45,"column":8}},"13":{"start":{"line":49,"column":17},"end":{"line":53,"column":5}},"14":{"start":{"line":55,"column":4},"end":{"line":55,"column":72}},"15":{"start":{"line":57,"column":4},"end":{"line":61,"column":6}},"16":{"start":{"line":63,"column":4},"end":{"line":70,"column":5}},"17":{"start":{"line":64,"column":6},"end":{"line":64,"column":52}},"18":{"start":{"line":65,"column":6},"end":{"line":69,"column":8}},"19":{"start":{"line":72,"column":4},"end":{"line":72,"column":46}},"20":{"start":{"line":73,"column":4},"end":{"line":77,"column":6}}},"fnMap":{"0":{"name":"(anonymous_0)","decl":{"start":{"line":15,"column":18},"end":{"line":15,"column":19}},"loc":{"start":{"line":15,"column":44},"end":{"line":79,"column":1}},"line":15}},"branchMap":{"0":{"loc":{"start":{"line":21,"column":4},"end":{"line":27,"column":5}},"type":"if","locations":[{"start":{"line":21,"column":4},"end":{"line":27,"column":5}},{"start":{},"end":{}}],"line":21},"1":{"loc":{"start":{"line":39,"column":4},"end":{"line":46,"column":5}},"type":"if","locations":[{"start":{"line":39,"column":4},"end":{"line":46,"column":5}},{"start":{},"end":{}}],"line":39},"2":{"loc":{"start":{"line":50,"column":14},"end":{"line":50,"column":44}},"type":"binary-expr","locations":[{"start":{"line":50,"column":14},"end":{"line":50,"column":38}},{"start":{"line":50,"column":42},"end":{"line":50,"column":44}}],"line":50},"3":{"loc":{"start":{"line":51,"column":13},"end":{"line":51,"column":41}},"type":"binary-expr","locations":[{"start":{"line":51,"column":13},"end":{"line":51,"column":35}},{"start":{"line":51,"column":39},"end":{"line":51,"column":41}}],"line":51},"4":{"loc":{"start":{"line":52,"column":15},"end":{"line":52,"column":45}},"type":"binary-expr","locations":[{"start":{"line":52,"column":15},"end":{"line":52,"column":39}},{"start":{"line":52,"column":43},"end":{"line":52,"column":45}}],"line":52},"5":{"loc":{"start":{"line":63,"column":4},"end":{"line":70,"column":5}},"type":"if","locations":[{"start":{"line":63,"column":4},"end":{"line":70,"column":5}},{"start":{},"end":{}}],"line":63}},"s":{"0":1,"1":1,"2":1,"3":5,"4":5,"5":4,"6":4,"7":1,"8":3,"9":3,"10":2,"11":1,"12":1,"13":1,"14":1,"15":1,"16":2,"17":1,"18":1,"19":1,"20":1},"f":{"0":5},"b":{"0":[1,3],"1":[1,1],"2":[1,0],"3":[1,0],"4":[1,0],"5":[1,1]},"_coverageSchema":"1a1c01bbd47fc00a2c39e90264f33305004495a9","hash":"65d9a620b585d7b6083e857a55e1b72f539408a8"}
,"/workspace/lambdas/layer/nodejs/utils.js": {"path":"/workspace/lambdas/layer/nodejs/utils.js","statementMap":{"0":{"start":{"line":5,"column":27},"end":{"line":5,"column":62}},"1":{"start":{"line":13,"column":22},"end":{"line":13,"column":51}},"2":{"start":{"line":15,"column":2},"end":{"line":25,"column":3}},"3":{"start":{"line":17,"column":4},"end":{"line":24,"column":7}},"4":{"start":{"line":28,"column":2},"end":{"line":28,"column":32}},"5":{"start":{"line":40,"column":2},"end":{"line":42,"column":3}},"6":{"start":{"line":41,"column":4},"end":{"line":41,"column":24}},"7":{"start":{"line":44,"column":17},"end":{"line":44,"column":68}},"8":{"start":{"line":45,"column":2},"end":{"line":47,"column":3}},"9":{"start":{"line":46,"column":4},"end":{"line":46,"column":55}},"10":{"start":{"line":48,"column":2},"end":{"line":48,"column":16}},"11":{"start":{"line":56,"column":4},"end":{"line":56,"column":19}},"12":{"start":{"line":57,"column":4},"end":{"line":57,"column":38}},"13":{"start":{"line":61,"column":0},"end":{"line":65,"column":2}}},"fnMap":{"0":{"name":"getDynamoDBClient","decl":{"start":{"line":12,"column":9},"end":{"line":12,"column":26}},"loc":{"start":{"line":12,"column":29},"end":{"line":29,"column":1}},"line":12},"1":{"name":"getUserId","decl":{"start":{"line":38,"column":9},"end":{"line":38,"column":18}},"loc":{"start":{"line":38,"column":26},"end":{"line":49,"column":1}},"line":38},"2":{"name":"(anonymous_2)","decl":{"start":{"line":55,"column":2},"end":{"line":55,"column":3}},"loc":{"start":{"line":55,"column":23},"end":{"line":58,"column":3}},"line":55}},"branchMap":{"0":{"loc":{"start":{"line":15,"column":2},"end":{"line":25,"column":3}},"type":"if","locations":[{"start":{"line":15,"column":2},"end":{"line":25,"column":3}},{"start":{},"end":{}}],"line":15},"1":{"loc":{"start":{"line":40,"column":2},"end":{"line":42,"column":3}},"type":"if","locations":[{"start":{"line":40,"column":2},"end":{"line":42,"column":3}},{"start":{},"end":{}}],"line":40},"2":{"loc":{"start":{"line":45,"column":2},"end":{"line":47,"column":3}},"type":"if","locations":[{"start":{"line":45,"column":2},"end":{"line":47,"column":3}},{"start":{},"end":{}}],"line":45}},"s":{"0":6,"1":2,"2":2,"3":1,"4":1,"5":5,"6":1,"7":4,"8":4,"9":3,"10":1,"11":4,"12":4,"13":6},"f":{"0":2,"1":5,"2":4},"b":{"0":[1,1],"1":[1,4],"2":[3,1]},"_coverageSchema":"1a1c01bbd47fc00a2c39e90264f33305004495a9","hash":"e3ca09d2f61245b78c8ef8d7415b3cc6fd8a767b"}
,"/workspace/lambdas/list_memos/index.js": {"path":"/workspace/lambdas/list_memos/index.js","statementMap":{"0":{"start":{"line":5,"column":25},"end":{"line":5,"column":60}},"1":{"start":{"line":6,"column":62},"end":{"line":6,"column":90}},"2":{"start":{"line":15,"column":0},"end":{"line":72,"column":2}},"3":{"start":{"line":16,"column":2},"end":{"line":71,"column":3}},"4":{"start":{"line":17,"column":19},"end":{"line":17,"column":35}},"5":{"start":{"line":20,"column":21},"end":{"line":20,"column":40}},"6":{"start":{"line":21,"column":21},"end":{"line":28,"column":7}},"7":{"start":{"line":31,"column":18},"end":{"line":39,"column":6}},"8":{"start":{"line":33,"column":28},"end":{"line":33,"column":72}},"9":{"start":{"line":34,"column":6},"end":{"line":38,"column":8}},"10":{"start":{"line":42,"column":4},"end":{"line":46,"column":7}},"11":{"start":{"line":43,"column":20},"end":{"line":43,"column":41}},"12":{"start":{"line":44,"column":20},"end":{"line":44,"column":41}},"13":{"start":{"line":45,"column":6},"end":{"line":45,"column":40}},"14":{"start":{"line":48,"column":4},"end":{"line":48,"column":81}},"15":{"start":{"line":50,"column":4},"end":{"line":54,"column":6}},"16":{"start":{"line":56,"column":4},"end":{"line":63,"column":5}},"17":{"start":{"line":57,"column":6},"end":{"line":57,"column":52}},"18":{"start":{"line":58,"column":6},"end":{"line":62,"column":8}},"19":{"start":{"line":65,"column":4},"end":{"line":65,"column":46}},"20":{"start":{"line":66,"column":4},"end":{"line":70,"column":6}}},"fnMap":{"0":{"name":"(anonymous_0)","decl":{"start":{"line":15,"column":18},"end":{"line":15,"column":19}},"loc":{"start":{"line":15,"column":44},"end":{"line":72,"column":1}},"line":15},"1":{"name":"(anonymous_1)","decl":{"start":{"line":31,"column":45},"end":{"line":31,"column":46}},"loc":{"start":{"line":31,"column":53},"end":{"line":39,"column":5}},"line":31},"2":{"name":"(anonymous_2)","decl":{"start":{"line":42,"column":15},"end":{"line":42,"column":16}},"loc":{"start":{"line":42,"column":25},"end":{"line":46,"column":5}},"line":42}},"branchMap":{"0":{"loc":{"start":{"line":31,"column":19},"end":{"line":31,"column":39}},"type":"binary-expr","locations":[{"start":{"line":31,"column":19},"end":{"line":31,"column":33}},{"start":{"line":31,"column":37},"end":{"line":31,"column":39}}],"line":31},"1":{"loc":{"start":{"line":33,"column":28},"end":{"line":33,"column":72}},"type":"binary-expr","locations":[{"start":{"line":33,"column":28},"end":{"line":33,"column":45}},{"start":{"line":33,"column":49},"end":{"line":33,"column":66}},{"start":{"line":33,"column":70},"end":{"line":33,"column":72}}],"line":33},"2":{"loc":{"start":{"line":35,"column":16},"end":{"line":35,"column":37}},"type":"binary-expr","locations":[{"start":{"line":35,"column":16},"end":{"line":35,"column":31}},{"start":{"line":35,"column":35},"end":{"line":35,"column":37}}],"line":35},"3":{"loc":{"start":{"line":36,"column":15},"end":{"line":36,"column":34}},"type":"binary-expr","locations":[{"start":{"line":36,"column":15},"end":{"line":36,"column":28}},{"start":{"line":36,"column":32},"end":{"line":36,"column":34}}],"line":36},"4":{"loc":{"start":{"line":43,"column":20},"end":{"line":43,"column":41}},"type":"binary-expr","locations":[{"start":{"line":43,"column":20},"end":{"line":43,"column":35}},{"start":{"line":43,"column":39},"end":{"line":43,"column":41}}],"line":43},"5":{"loc":{"start":{"line":44,"column":20},"end":{"line":44,"column":41}},"type":"binary-expr","locations":[{"start":{"line":44,"column":20},"end":{"line":44,"column":35}},{"start":{"line":44,"column":39},"end":{"line":44,"column":41}}],"line":44},"6":{"loc":{"start":{"line":56,"column":4},"end":{"line":63,"column":5}},"type":"if","locations":[{"start":{"line":56,"column":4},"end":{"line":63,"column":5}},{"start":{},"end":{}}],"line":56}},"s":{"0":1,"1":1,"2":1,"3":4,"4":4,"5":3,"6":3,"7":2,"8":2,"9":2,"10":2,"11":1,"12":1,"13":1,"14":2,"15":2,"16":2,"17":1,"18":1,"19":1,"20":1},"f":{"0":4,"1":2,"2":1},"b":{"0":[2,0],"1":[2,1,0],"2":[2,0],"3":[2,0],"4":[1,0],"5":[1,0],"6":[1,1]},"_coverageSchema":"1a1c01bbd47fc00a2c39e90264f33305004495a9","hash":"d11017d7556ccfd19009232fcbe4f6562666768b"}
,"/workspace/lambdas/update_memo/index.js": {"path":"/workspace/lambdas/update_memo/index.js","statementMap":{"0":{"start":{"line":5,"column":46},"end":{"line":5,"column":81}},"1":{"start":{"line":6,"column":62},"end":{"line":6,"column":90}},"2":{"start":{"line":15,"column":0},"end":{"line":125,"column":2}},"3":{"start":{"line":16,"column":2},"end":{"line":124,"column":3}},"4":{"start":{"line":17,"column":19},"end":{"line":17,"column":35}},"5":{"start":{"line":21,"column":4},"end":{"line":30,"column":5}},"6":{"start":{"line":22,"column":6},"end":{"line":22,"column":44}},"7":{"start":{"line":24,"column":6},"end":{"line":24,"column":48}},"8":{"start":{"line":25,"column":6},"end":{"line":29,"column":8}},"9":{"start":{"line":32,"column":18},"end":{"line":32,"column":43}},"10":{"start":{"line":33,"column":20},"end":{"line":33,"column":38}},"11":{"start":{"line":36,"column":4},"end":{"line":42,"column":5}},"12":{"start":{"line":37,"column":6},"end":{"line":41,"column":8}},"13":{"start":{"line":43,"column":4},"end":{"line":49,"column":5}},"14":{"start":{"line":44,"column":6},"end":{"line":48,"column":8}},"15":{"start":{"line":52,"column":19},"end":{"line":52,"column":47}},"16":{"start":{"line":53,"column":4},"end":{"line":59,"column":5}},"17":{"start":{"line":54,"column":6},"end":{"line":58,"column":8}},"18":{"start":{"line":62,"column":21},"end":{"line":62,"column":40}},"19":{"start":{"line":63,"column":24},"end":{"line":69,"column":7}},"20":{"start":{"line":71,"column":4},"end":{"line":78,"column":5}},"21":{"start":{"line":72,"column":6},"end":{"line":72,"column":74}},"22":{"start":{"line":73,"column":6},"end":{"line":77,"column":8}},"23":{"start":{"line":81,"column":21},"end":{"line":81,"column":45}},"24":{"start":{"line":82,"column":4},"end":{"line":94,"column":8}},"25":{"start":{"line":96,"column":4},"end":{"line":96,"column":70}},"26":{"start":{"line":98,"column":4},"end":{"line":107,"column":6}},"27":{"start":{"line":109,"column":4},"end":{"line":116,"column":5}},"28":{"start":{"line":110,"column":6},"end":{"line":110,"column":52}},"29":{"start":{"line":111,"column":6},"end":{"line":115,"column":8}},"30":{"start":{"line":118,"column":4},"end":{"line":118,"column":46}},"31":{"start":{"line":119,"column":4},"end":{"line":123,"column":6}}},"fnMap":{"0":{"name":"(anonymous_0)","decl":{"start":{"line":15,"column":18},"end":{"line":15,"column":19}},"loc":{"start":{"line":15,"column":44},"end":{"line":125,"column":1}},"line":15}},"branchMap":{"0":{"loc":{"start":{"line":22,"column":24},"end":{"line":22,"column":42}},"type":"binary-expr","locations":[{"start":{"line":22,"column":24},"end":{"line":22,"column":34}},{"start":{"line":22,"column":38},"end":{"line":22,"column":42}}],"line":22},"1":{"loc":{"start":{"line":32,"column":19},"end":{"line":32,"column":35}},"type":"binary-expr","locations":[{"start":{"line":32,"column":19},"end":{"line":32,"column":29}},{"start":{"line":32,"column":33},"end":{"line":32,"column":35}}],"line":32},"2":{"loc":{"start":{"line":33,"column":20},"end":{"line":33,"column":38}},"type":"binary-expr","locations":[{"start":{"line":33,"column":20},"end":{"line":33,"column":32}},{"start":{"line":33,"column":36},"end":{"line":33,"column":38}}],"line":33},"3":{"loc":{"start":{"line":36,"column":4},"end":{"line":42,"column":5}},"type":"if","locations":[{"start":{"line":36,"column":4},"end":{"line":42,"column":5}},{"start":{},"end":{}}],"line":36},"4":{"loc":{"start":{"line":36,"column":8},"end":{"line":36,"column":56}},"type":"binary-expr","locations":[{"start":{"line":36,"column":8},"end":{"line":36,"column":14}},{"start":{"line":36,"column":18},"end":{"line":36,"column":34}},{"start":{"line":36,"column":38},"end":{"line":36,"column":56}}],"line":36},"5":{"loc":{"start":{"line":43,"column":4},"end":{"line":49,"column":5}},"type":"if","locations":[{"start":{"line":43,"column":4},"end":{"line":49,"column":5}},{"start":{},"end":{}}],"line":43},"6":{"loc":{"start":{"line":53,"column":4},"end":{"line":59,"column":5}},"type":"if","locations":[{"start":{"line":53,"column":4},"end":{"line":59,"column":5}},{"start":{},"end":{}}],"line":53},"7":{"loc":{"start":{"line":71,"column":4},"end":{"line":78,"column":5}},"type":"if","locations":[{"start":{"line":71,"column":4},"end":{"line":78,"column":5}},{"start":{},"end":{}}],"line":71},"8":{"loc":{"start":{"line":109,"column":4},"end":{"line":116,"column":5}},"type":"if","locations":[{"start":{"line":109,"column":4},"end":{"line":116,"column":5}},{"start":{},"end":{}}],"line":109}},"s":{"0":1,"1":1,"2":1,"3":9,"4":9,"5":8,"6":8,"7":1,"8":1,"9":7,"10":7,"11":7,"12":2,"13":5,"14":1,"15":4,"16":4,"17":1,"18":3,"19":3,"20":2,"21":1,"22":1,"23":1,"24":1,"25":1,"26":1,"27":2,"28":1,"29":1,"30":1,"31":1},"f":{"0":9},"b":{"0":[8,0],"1":[7,1],"2":[7,0],"3":[2,5],"4":[7,6,6],"5":[1,4],"6":[1,3],"7":[1,1],"8":[1,1]},"_coverageSchema":"1a1c01bbd47fc00a2c39e90264f33305004495a9","hash":"898e63da90bb2e2682f373ea28b3df3ca9ee2968"}
}
