TN:
SF:lambdas/create_memo/index.js
FN:16,(anonymous_0)
FNF:1
FNH:1
FNDA:7,(anonymous_0)
DA:5,1
DA:6,1
DA:7,1
DA:16,1
DA:17,7
DA:18,7
DA:22,6
DA:23,6
DA:25,1
DA:26,1
DA:33,5
DA:34,5
DA:37,5
DA:38,2
DA:44,3
DA:45,1
DA:53,2
DA:54,2
DA:55,2
DA:57,2
DA:68,1
DA:70,1
DA:80,2
DA:81,1
DA:82,1
DA:89,1
DA:90,1
LF:27
LH:27
BRDA:23,0,0,6
BRDA:23,0,1,0
BRDA:33,1,0,5
BRDA:33,1,1,1
BRDA:34,2,0,5
BRDA:34,2,1,0
BRDA:37,3,0,2
BRDA:37,3,1,3
BRDA:37,4,0,5
BRDA:37,4,1,4
BRDA:37,4,2,4
BRDA:44,5,0,1
BRDA:44,5,1,2
BRDA:80,6,0,1
BRDA:80,6,1,1
BRF:15
BRH:13
end_of_record
TN:
SF:lambdas/delete_memo/index.js
FN:15,(anonymous_0)
FNF:1
FNH:1
FNDA:5,(anonymous_0)
DA:5,1
DA:6,1
DA:15,1
DA:16,5
DA:17,5
DA:20,4
DA:21,4
DA:22,1
DA:30,3
DA:31,3
DA:39,2
DA:40,1
DA:41,1
DA:49,1
DA:57,1
DA:59,1
DA:65,2
DA:66,1
DA:67,1
DA:74,1
DA:75,1
LF:21
LH:21
BRDA:21,0,0,1
BRDA:21,0,1,3
BRDA:39,1,0,1
BRDA:39,1,1,1
BRDA:65,2,0,1
BRDA:65,2,1,1
BRF:6
BRH:6
end_of_record
TN:
SF:lambdas/get_memo/index.js
FN:15,(anonymous_0)
FNF:1
FNH:1
FNDA:5,(anonymous_0)
DA:5,1
DA:6,1
DA:15,1
DA:16,5
DA:17,5
DA:20,4
DA:21,4
DA:22,1
DA:30,3
DA:31,3
DA:39,2
DA:40,1
DA:41,1
DA:49,1
DA:55,1
DA:57,1
DA:63,2
DA:64,1
DA:65,1
DA:72,1
DA:73,1
LF:21
LH:21
BRDA:21,0,0,1
BRDA:21,0,1,3
BRDA:39,1,0,1
BRDA:39,1,1,1
BRDA:50,2,0,1
BRDA:50,2,1,0
BRDA:51,3,0,1
BRDA:51,3,1,0
BRDA:52,4,0,1
BRDA:52,4,1,0
BRDA:63,5,0,1
BRDA:63,5,1,1
BRF:12
BRH:9
end_of_record
TN:
SF:lambdas/layer/nodejs/utils.js
FN:12,getDynamoDBClient
FN:38,getUserId
FN:55,(anonymous_2)
FNF:3
FNH:3
FNDA:2,getDynamoDBClient
FNDA:5,getUserId
FNDA:4,(anonymous_2)
DA:5,6
DA:13,2
DA:15,2
DA:17,1
DA:28,1
DA:40,5
DA:41,1
DA:44,4
DA:45,4
DA:46,3
DA:48,1
DA:56,4
DA:57,4
DA:61,6
LF:14
LH:14
BRDA:15,0,0,1
BRDA:15,0,1,1
BRDA:40,1,0,1
BRDA:40,1,1,4
BRDA:45,2,0,3
BRDA:45,2,1,1
BRF:6
BRH:6
end_of_record
TN:
SF:lambdas/list_memos/index.js
FN:15,(anonymous_0)
FN:31,(anonymous_1)
FN:42,(anonymous_2)
FNF:3
FNH:3
FNDA:4,(anonymous_0)
FNDA:2,(anonymous_1)
FNDA:1,(anonymous_2)
DA:5,1
DA:6,1
DA:15,1
DA:16,4
DA:17,4
DA:20,3
DA:21,3
DA:31,2
DA:33,2
DA:34,2
DA:42,2
DA:43,1
DA:44,1
DA:45,1
DA:48,2
DA:50,2
DA:56,2
DA:57,1
DA:58,1
DA:65,1
DA:66,1
LF:21
LH:21
BRDA:31,0,0,2
BRDA:31,0,1,0
BRDA:33,1,0,2
BRDA:33,1,1,1
BRDA:33,1,2,0
BRDA:35,2,0,2
BRDA:35,2,1,0
BRDA:36,3,0,2
BRDA:36,3,1,0
BRDA:43,4,0,1
BRDA:43,4,1,0
BRDA:44,5,0,1
BRDA:44,5,1,0
BRDA:56,6,0,1
BRDA:56,6,1,1
BRF:15
BRH:9
end_of_record
TN:
SF:lambdas/update_memo/index.js
FN:15,(anonymous_0)
FNF:1
FNH:1
FNDA:9,(anonymous_0)
DA:5,1
DA:6,1
DA:15,1
DA:16,9
DA:17,9
DA:21,8
DA:22,8
DA:24,1
DA:25,1
DA:32,7
DA:33,7
DA:36,7
DA:37,2
DA:43,5
DA:44,1
DA:52,4
DA:53,4
DA:54,1
DA:62,3
DA:63,3
DA:71,2
DA:72,1
DA:73,1
DA:81,1
DA:82,1
DA:96,1
DA:98,1
DA:109,2
DA:110,1
DA:111,1
DA:118,1
DA:119,1
LF:32
LH:32
BRDA:22,0,0,8
BRDA:22,0,1,0
BRDA:32,1,0,7
BRDA:32,1,1,1
BRDA:33,2,0,7
BRDA:33,2,1,0
BRDA:36,3,0,2
BRDA:36,3,1,5
BRDA:36,4,0,7
BRDA:36,4,1,6
BRDA:36,4,2,6
BRDA:43,5,0,1
BRDA:43,5,1,4
BRDA:53,6,0,1
BRDA:53,6,1,3
BRDA:71,7,0,1
BRDA:71,7,1,1
BRDA:109,8,0,1
BRDA:109,8,1,1
BRF:19
BRH:17
end_of_record
